c:\users\sofian\my c++\rpg project 1\rpg project 1\x64\debug\vc143.pdb
c:\users\sofian\my c++\rpg project 1\rpg project 1\x64\debug\vc143.idb
c:\users\sofian\my c++\rpg project 1\rpg project 1\x64\debug\weapon.obj
c:\users\sofian\my c++\rpg project 1\rpg project 1\x64\debug\stats.obj
c:\users\sofian\my c++\rpg project 1\rpg project 1\x64\debug\rpg project 1.obj
c:\users\sofian\my c++\rpg project 1\rpg project 1\x64\debug\random.obj
c:\users\sofian\my c++\rpg project 1\rpg project 1\x64\debug\player.obj
c:\users\sofian\my c++\rpg project 1\rpg project 1\x64\debug\location.obj
c:\users\sofian\my c++\rpg project 1\rpg project 1\x64\debug\items_util.obj
c:\users\sofian\my c++\rpg project 1\rpg project 1\x64\debug\item.obj
c:\users\sofian\my c++\rpg project 1\rpg project 1\x64\debug\game.obj
c:\users\sofian\my c++\rpg project 1\rpg project 1\x64\debug\enemypnj.obj
c:\users\sofian\my c++\rpg project 1\rpg project 1\x64\debug\consumable.obj
c:\users\sofian\my c++\rpg project 1\rpg project 1\x64\debug\character.obj
c:\users\sofian\my c++\rpg project 1\x64\debug\rpg project 1.exe
c:\users\sofian\my c++\rpg project 1\rpg project 1\x64\debug\rpg project 1.ilk
c:\users\sofian\my c++\rpg project 1\x64\debug\rpg project 1.pdb
c:\users\sofian\my c++\rpg project 1\rpg project 1\x64\debug\rpg project 1.tlog\cl.command.1.tlog
c:\users\sofian\my c++\rpg project 1\rpg project 1\x64\debug\rpg project 1.tlog\cl.read.1.tlog
c:\users\sofian\my c++\rpg project 1\rpg project 1\x64\debug\rpg project 1.tlog\cl.write.1.tlog
c:\users\sofian\my c++\rpg project 1\rpg project 1\x64\debug\rpg project 1.tlog\link.command.1.tlog
c:\users\sofian\my c++\rpg project 1\rpg project 1\x64\debug\rpg project 1.tlog\link.read.1.tlog
c:\users\sofian\my c++\rpg project 1\rpg project 1\x64\debug\rpg project 1.tlog\link.write.1.tlog
